2025-06-15 10:36:46,196 - backend.app - INFO - Email Configuration:
2025-06-15 10:36:46,198 - backend.app - INFO - MAIL_SERVER: smtp.gmail.com
2025-06-15 10:36:46,198 - backend.app - INFO - MAIL_PORT: 587
2025-06-15 10:36:46,199 - backend.app - INFO - MAIL_USE_TLS: True
2025-06-15 10:36:46,200 - backend.app - INFO - MAIL_USERNAME: alusinekuyateh6@gmail.com
2025-06-15 10:36:46,200 - backend.app - INFO - MAIL_DEFAULT_SENDER: alusinekuyateh6@gmail.com
2025-06-15 10:36:46,200 - backend.app - INFO - MAIL_PASSWORD: *******************
2025-06-15 10:37:13,443 - backend.app - INFO - Email Configuration:
2025-06-15 10:37:13,445 - backend.app - INFO - MAIL_SERVER: smtp.gmail.com
2025-06-15 10:37:13,445 - backend.app - INFO - MAIL_PORT: 587
2025-06-15 10:37:13,445 - backend.app - INFO - MAIL_USE_TLS: True
2025-06-15 10:37:13,446 - backend.app - INFO - MAIL_USERNAME: alusinekuyateh6@gmail.com
2025-06-15 10:37:13,446 - backend.app - INFO - MAIL_DEFAULT_SENDER: alusinekuyateh6@gmail.com
2025-06-15 10:37:13,446 - backend.app - INFO - MAIL_PASSWORD: *******************
2025-06-16 11:24:13,474 - app - INFO - Email Configuration:
2025-06-16 11:24:13,475 - app - INFO - MAIL_SERVER: smtp.gmail.com
2025-06-16 11:24:13,475 - app - INFO - MAIL_PORT: 587
2025-06-16 11:24:13,476 - app - INFO - MAIL_USE_TLS: True
2025-06-16 11:24:13,476 - app - INFO - MAIL_USERNAME: alusinekuyateh6@gmail.com
2025-06-16 11:24:13,477 - app - INFO - MAIL_DEFAULT_SENDER: None
2025-06-16 11:24:13,478 - app - INFO - MAIL_PASSWORD: *******************
2025-06-16 11:25:21,829 - app - INFO - Email Configuration:
2025-06-16 11:25:21,832 - app - INFO - MAIL_SERVER: smtp.gmail.com
2025-06-16 11:25:21,833 - app - INFO - MAIL_PORT: 587
2025-06-16 11:25:21,833 - app - INFO - MAIL_USE_TLS: True
2025-06-16 11:25:21,834 - app - INFO - MAIL_USERNAME: alusinekuyateh6@gmail.com
2025-06-16 11:25:21,834 - app - INFO - MAIL_DEFAULT_SENDER: None
2025-06-16 11:25:21,835 - app - INFO - MAIL_PASSWORD: *******************
2025-06-17 11:57:10,409 - __main__ - ERROR - Database initialization error: Textual SQL expression '\n                SELECT E...' should be explicitly declared as text('\n                SELECT E...')
